This file contains any messages produced by compilers while
running configure, to aid debugging if configure makes a mistake.

It was created by Capn Proto configure 1.0.1.1, which was
generated by GNU Autoconf 2.71.  Invocation command line was

  $ ./configure MAKE=gmake

## --------- ##
## Platform. ##
## --------- ##

hostname = DESKTOP-KDKPQBS
uname -m = x86_64
uname -r = 5.15.133.1-microsoft-standard-WSL2
uname -s = Linux
uname -v = #1 SMP Thu Oct 5 21:02:42 UTC 2023

/usr/bin/uname -p = x86_64
/bin/uname -X     = unknown

/bin/arch              = x86_64
/usr/bin/arch -k       = unknown
/usr/convex/getsysinfo = unknown
/usr/bin/hostinfo      = unknown
/bin/machine           = unknown
/usr/bin/oslevel       = unknown
/bin/universe          = unknown

PATH: /home/chenling/.vscode-server/bin/1a5daa3a0231a0fbba4f14db7ec463cf99d7768e/bin/remote-cli/
PATH: /usr/local/sbin/
PATH: /usr/local/bin/
PATH: /usr/sbin/
PATH: /usr/bin/
PATH: /sbin/
PATH: /bin/
PATH: /usr/games/
PATH: /usr/local/games/
PATH: /usr/lib/wsl/lib/
PATH: /mnt/c/Program Files (x86)/Razer Chroma SDK/bin/
PATH: /mnt/c/Program Files/Razer Chroma SDK/bin/
PATH: /mnt/c/WINDOWS/system32/
PATH: /mnt/c/WINDOWS/
PATH: /mnt/c/WINDOWS/System32/Wbem/
PATH: /mnt/c/WINDOWS/System32/WindowsPowerShell/v1.0/
PATH: /mnt/c/WINDOWS/System32/OpenSSH/
PATH: /mnt/c/Program Files (x86)/NVIDIA Corporation/PhysX/Common/
PATH: /mnt/c/Program Files/NVIDIA Corporation/NVIDIA NvDLISR/
PATH: /mnt/c/Program Files (x86)/Razer/ChromaBroadcast/bin/
PATH: /mnt/c/Program Files/Razer/ChromaBroadcast/bin/
PATH: /mnt/c/WINDOWS/system32/config/systemprofile/AppData/Local/Microsoft/WindowsApps/
PATH: /mnt/c/Program Files/Docker/Docker/resources/bin/
PATH: /mnt/c/ProgramData/DockerDesktop/version-bin/
PATH: /mnt/c/Program Files/dotnet/
PATH: /mnt/c/Program Files/Git/cmd/
PATH: /mnt/c/Users/00/AppData/Local/Microsoft/WindowsApps/
PATH: /mnt/c/Users/00/AppData/Local/Programs/Microsoft VS Code/bin/
PATH: /snap/bin/


## ----------- ##
## Core tests. ##
## ----------- ##

configure:3024: looking for aux files: ltmain.sh config.guess config.sub compile missing install-sh
configure:3037:  trying ./build-aux/
configure:3066:   ./build-aux/ltmain.sh found
configure:3066:   ./build-aux/config.guess found
configure:3066:   ./build-aux/config.sub found
configure:3066:   ./build-aux/compile found
configure:3066:   ./build-aux/missing found
configure:3048:   ./build-aux/install-sh found
configure:3213: checking for a BSD-compatible install
configure:3286: result: /usr/bin/install -c
configure:3297: checking whether build environment is sane
configure:3352: result: yes
configure:3511: checking for a race-free mkdir -p
configure:3555: result: /usr/bin/mkdir -p
configure:3562: checking for gawk
configure:3583: found /usr/bin/gawk
configure:3594: result: gawk
configure:3605: checking whether gmake sets $(MAKE)
configure:3628: result: yes
configure:3658: checking whether gmake supports nested variables
configure:3676: result: yes
configure:3761: checking whether UID '1000' is supported by ustar format
configure:3764: result: yes
configure:3771: checking whether GID '1000' is supported by ustar format
configure:3774: result: yes
configure:3782: checking how to create a ustar tar archive
configure:3793: tar --version
tar (GNU tar) 1.34
Copyright (C) 2021 Free Software Foundation, Inc.
License GPLv3+: GNU GPL version 3 or later <https://gnu.org/licenses/gpl.html>.
This is free software: you are free to change and redistribute it.
There is NO WARRANTY, to the extent permitted by law.

Written by John Gilmore and Jay Fenlason.
configure:3796: $? = 0
configure:3836: tardir=conftest.dir && eval tar --format=ustar -chf - "$tardir" >conftest.tar
configure:3839: $? = 0
configure:3843: tar -xf - <conftest.tar
configure:3846: $? = 0
configure:3848: cat conftest.dir/file
GrepMe
configure:3851: $? = 0
configure:3865: result: gnutar
configure:4060: checking for gcc
configure:4081: found /usr/bin/gcc
configure:4092: result: gcc
configure:4445: checking for C compiler version
configure:4454: gcc --version >&5
gcc (Ubuntu 11.4.0-1ubuntu1~22.04) 11.4.0
Copyright (C) 2021 Free Software Foundation, Inc.
This is free software; see the source for copying conditions.  There is NO
warranty; not even for MERCHANTABILITY or FITNESS FOR A PARTICULAR PURPOSE.

configure:4465: $? = 0
configure:4454: gcc -v >&5
Using built-in specs.
COLLECT_GCC=gcc
COLLECT_LTO_WRAPPER=/usr/lib/gcc/x86_64-linux-gnu/11/lto-wrapper
OFFLOAD_TARGET_NAMES=nvptx-none:amdgcn-amdhsa
OFFLOAD_TARGET_DEFAULT=1
Target: x86_64-linux-gnu
Configured with: ../src/configure -v --with-pkgversion='Ubuntu 11.4.0-1ubuntu1~22.04' --with-bugurl=file:///usr/share/doc/gcc-11/README.Bugs --enable-languages=c,ada,c++,go,brig,d,fortran,objc,obj-c++,m2 --prefix=/usr --with-gcc-major-version-only --program-suffix=-11 --program-prefix=x86_64-linux-gnu- --enable-shared --enable-linker-build-id --libexecdir=/usr/lib --without-included-gettext --enable-threads=posix --libdir=/usr/lib --enable-nls --enable-bootstrap --enable-clocale=gnu --enable-libstdcxx-debug --enable-libstdcxx-time=yes --with-default-libstdcxx-abi=new --enable-gnu-unique-object --disable-vtable-verify --enable-plugin --enable-default-pie --with-system-zlib --enable-libphobos-checking=release --with-target-system-zlib=auto --enable-objc-gc=auto --enable-multiarch --disable-werror --enable-cet --with-arch-32=i686 --with-abi=m64 --with-multilib-list=m32,m64,mx32 --enable-multilib --with-tune=generic --enable-offload-targets=nvptx-none=/build/gcc-11-XeT9lY/gcc-11-11.4.0/debian/tmp-nvptx/usr,amdgcn-amdhsa=/build/gcc-11-XeT9lY/gcc-11-11.4.0/debian/tmp-gcn/usr --without-cuda-driver --enable-checking=release --build=x86_64-linux-gnu --host=x86_64-linux-gnu --target=x86_64-linux-gnu --with-build-config=bootstrap-lto-lean --enable-link-serialization=2
Thread model: posix
Supported LTO compression algorithms: zlib zstd
gcc version 11.4.0 (Ubuntu 11.4.0-1ubuntu1~22.04) 
... rest of stderr output deleted ...
configure:4465: $? = 0
configure:4454: gcc -V >&5
gcc: error: unrecognized command-line option '-V'
gcc: fatal error: no input files
compilation terminated.
configure:4465: $? = 1
configure:4454: gcc -qversion >&5
gcc: error: unrecognized command-line option '-qversion'; did you mean '--version'?
gcc: fatal error: no input files
compilation terminated.
configure:4465: $? = 1
configure:4454: gcc -version >&5
gcc: error: unrecognized command-line option '-version'
gcc: fatal error: no input files
compilation terminated.
configure:4465: $? = 1
configure:4485: checking whether the C compiler works
configure:4507: gcc -O2 -DNDEBUG   conftest.c  >&5
configure:4511: $? = 0
configure:4561: result: yes
configure:4564: checking for C compiler default output file name
configure:4566: result: a.out
configure:4572: checking for suffix of executables
configure:4579: gcc -o conftest -O2 -DNDEBUG   conftest.c  >&5
configure:4583: $? = 0
configure:4606: result: 
configure:4628: checking whether we are cross compiling
configure:4636: gcc -o conftest -O2 -DNDEBUG   conftest.c  >&5
configure:4640: $? = 0
configure:4647: ./conftest
configure:4651: $? = 0
configure:4666: result: no
configure:4671: checking for suffix of object files
configure:4694: gcc -c -O2 -DNDEBUG  conftest.c >&5
configure:4698: $? = 0
configure:4720: result: o
configure:4724: checking whether the compiler supports GNU C
configure:4744: gcc -c -O2 -DNDEBUG  conftest.c >&5
configure:4744: $? = 0
configure:4754: result: yes
configure:4765: checking whether gcc accepts -g
configure:4786: gcc -c -g  conftest.c >&5
configure:4786: $? = 0
configure:4830: result: yes
configure:4850: checking for gcc option to enable C11 features
configure:4865: gcc  -c -O2 -DNDEBUG  conftest.c >&5
configure:4865: $? = 0
configure:4883: result: none needed
configure:4999: checking whether gcc understands -c and -o together
configure:5022: gcc -c conftest.c -o conftest2.o
configure:5025: $? = 0
configure:5022: gcc -c conftest.c -o conftest2.o
configure:5025: $? = 0
configure:5037: result: yes
configure:5057: checking whether gmake supports the include directive
configure:5072: gmake -f confmf.GNU && cat confinc.out
this is the am__doit target
configure:5075: $? = 0
configure:5094: result: yes (GNU style)
configure:5120: checking dependency style of gcc
configure:5232: result: gcc3
configure:5316: checking for g++
configure:5337: found /usr/bin/g++
configure:5348: result: g++
configure:5375: checking for C++ compiler version
configure:5384: g++ --version >&5
g++ (Ubuntu 11.4.0-1ubuntu1~22.04) 11.4.0
Copyright (C) 2021 Free Software Foundation, Inc.
This is free software; see the source for copying conditions.  There is NO
warranty; not even for MERCHANTABILITY or FITNESS FOR A PARTICULAR PURPOSE.

configure:5395: $? = 0
configure:5384: g++ -v >&5
Using built-in specs.
COLLECT_GCC=g++
COLLECT_LTO_WRAPPER=/usr/lib/gcc/x86_64-linux-gnu/11/lto-wrapper
OFFLOAD_TARGET_NAMES=nvptx-none:amdgcn-amdhsa
OFFLOAD_TARGET_DEFAULT=1
Target: x86_64-linux-gnu
Configured with: ../src/configure -v --with-pkgversion='Ubuntu 11.4.0-1ubuntu1~22.04' --with-bugurl=file:///usr/share/doc/gcc-11/README.Bugs --enable-languages=c,ada,c++,go,brig,d,fortran,objc,obj-c++,m2 --prefix=/usr --with-gcc-major-version-only --program-suffix=-11 --program-prefix=x86_64-linux-gnu- --enable-shared --enable-linker-build-id --libexecdir=/usr/lib --without-included-gettext --enable-threads=posix --libdir=/usr/lib --enable-nls --enable-bootstrap --enable-clocale=gnu --enable-libstdcxx-debug --enable-libstdcxx-time=yes --with-default-libstdcxx-abi=new --enable-gnu-unique-object --disable-vtable-verify --enable-plugin --enable-default-pie --with-system-zlib --enable-libphobos-checking=release --with-target-system-zlib=auto --enable-objc-gc=auto --enable-multiarch --disable-werror --enable-cet --with-arch-32=i686 --with-abi=m64 --with-multilib-list=m32,m64,mx32 --enable-multilib --with-tune=generic --enable-offload-targets=nvptx-none=/build/gcc-11-XeT9lY/gcc-11-11.4.0/debian/tmp-nvptx/usr,amdgcn-amdhsa=/build/gcc-11-XeT9lY/gcc-11-11.4.0/debian/tmp-gcn/usr --without-cuda-driver --enable-checking=release --build=x86_64-linux-gnu --host=x86_64-linux-gnu --target=x86_64-linux-gnu --with-build-config=bootstrap-lto-lean --enable-link-serialization=2
Thread model: posix
Supported LTO compression algorithms: zlib zstd
gcc version 11.4.0 (Ubuntu 11.4.0-1ubuntu1~22.04) 
... rest of stderr output deleted ...
configure:5395: $? = 0
configure:5384: g++ -V >&5
g++: error: unrecognized command-line option '-V'
g++: fatal error: no input files
compilation terminated.
configure:5395: $? = 1
configure:5384: g++ -qversion >&5
g++: error: unrecognized command-line option '-qversion'; did you mean '--version'?
g++: fatal error: no input files
compilation terminated.
configure:5395: $? = 1
configure:5399: checking whether the compiler supports GNU C++
configure:5419: g++ -c -O2 -DNDEBUG  conftest.cpp >&5
configure:5419: $? = 0
configure:5429: result: yes
configure:5440: checking whether g++ accepts -g
configure:5461: g++ -c -g  conftest.cpp >&5
configure:5461: $? = 0
configure:5505: result: yes
configure:5525: checking for g++ option to enable C++11 features
configure:5540: g++  -c -O2 -DNDEBUG  conftest.cpp >&5
conftest.cpp: In function 'int main(int, char**)':
conftest.cpp:177:25: warning: empty parentheses were disambiguated as a function declaration [-Wvexing-parse]
  177 |   cxx11test::delegate d2();
      |                         ^~
conftest.cpp:177:25: note: remove parentheses to default-initialize a variable
  177 |   cxx11test::delegate d2();
      |                         ^~
      |                         --
conftest.cpp:177:25: note: or replace parentheses with braces to value-initialize a variable
configure:5540: $? = 0
configure:5558: result: none needed
configure:5624: checking dependency style of g++
configure:5736: result: gcc3
configure:5759: checking whether g++ supports C++14 features by default
configure:5816: g++ -c -O2 -DNDEBUG  conftest.cpp >&5
configure:5816: $? = 0
configure:5824: result: yes
configure:5998: checking whether g++ supports C++11 library features by default
configure:6013: g++ -c -O2 -DNDEBUG  conftest.cpp >&5
configure:6013: $? = 0
configure:6022: result: yes
configure:6075: checking build system type
configure:6090: result: x86_64-pc-linux-gnu
configure:6110: checking host system type
configure:6124: result: x86_64-pc-linux-gnu
configure:6328: checking for the pthreads library -lpthreads
configure:6361: gcc -o conftest -O2 -DNDEBUG    conftest.c -lpthreads  >&5
conftest.c: In function 'main':
conftest.c:16:22: warning: argument 1 null where non-null expected [-Wnonnull]
   16 |                      pthread_attr_init(0); pthread_cleanup_push(0, 0);
      |                      ^~~~~~~~~~~~~~~~~
In file included from conftest.c:11:
/usr/include/pthread.h:285:12: note: in a call to function 'pthread_attr_init' declared 'nonnull'
  285 | extern int pthread_attr_init (pthread_attr_t *__attr) __THROW __nonnull ((1));
      |            ^~~~~~~~~~~~~~~~~
conftest.c:17:22: warning: argument 1 null where non-null expected [-Wnonnull]
   17 |                      pthread_create(0,0,0,0); pthread_cleanup_pop(0);
      |                      ^~~~~~~~~~~~~~
In file included from conftest.c:11:
/usr/include/pthread.h:202:12: note: in a call to function 'pthread_create' declared 'nonnull'
  202 | extern int pthread_create (pthread_t *__restrict __newthread,
      |            ^~~~~~~~~~~~~~
conftest.c:17:22: warning: argument 3 null where non-null expected [-Wnonnull]
   17 |                      pthread_create(0,0,0,0); pthread_cleanup_pop(0);
      |                      ^~~~~~~~~~~~~~
In file included from conftest.c:11:
/usr/include/pthread.h:202:12: note: in a call to function 'pthread_create' declared 'nonnull'
  202 | extern int pthread_create (pthread_t *__restrict __newthread,
      |            ^~~~~~~~~~~~~~
/usr/bin/ld: cannot find -lpthreads: No such file or directory
collect2: error: ld returned 1 exit status
configure:6361: $? = 1
configure: failed program was:
| /* confdefs.h */
| #define PACKAGE_NAME "Capn Proto"
| #define PACKAGE_TARNAME "capnproto-c++"
| #define PACKAGE_VERSION "1.0.1.1"
| #define PACKAGE_STRING "Capn Proto 1.0.1.1"
| #define PACKAGE_BUGREPORT "capnproto@googlegroups.com"
| #define PACKAGE_URL ""
| #define PACKAGE "capnproto-c++"
| #define VERSION "1.0.1.1"
| /* end confdefs.h.  */
| #include <pthread.h>
| int
| main (void)
| {
| pthread_t th; pthread_join(th, 0);
|                      pthread_attr_init(0); pthread_cleanup_push(0, 0);
|                      pthread_create(0,0,0,0); pthread_cleanup_pop(0);
|   ;
|   return 0;
| }
configure:6371: result: no
configure:6268: checking whether pthreads work without any flags
configure:6361: gcc -o conftest -O2 -DNDEBUG    conftest.c   >&5
conftest.c: In function 'main':
conftest.c:16:22: warning: argument 1 null where non-null expected [-Wnonnull]
   16 |                      pthread_attr_init(0); pthread_cleanup_push(0, 0);
      |                      ^~~~~~~~~~~~~~~~~
In file included from conftest.c:11:
/usr/include/pthread.h:285:12: note: in a call to function 'pthread_attr_init' declared 'nonnull'
  285 | extern int pthread_attr_init (pthread_attr_t *__attr) __THROW __nonnull ((1));
      |            ^~~~~~~~~~~~~~~~~
conftest.c:17:22: warning: argument 1 null where non-null expected [-Wnonnull]
   17 |                      pthread_create(0,0,0,0); pthread_cleanup_pop(0);
      |                      ^~~~~~~~~~~~~~
In file included from conftest.c:11:
/usr/include/pthread.h:202:12: note: in a call to function 'pthread_create' declared 'nonnull'
  202 | extern int pthread_create (pthread_t *__restrict __newthread,
      |            ^~~~~~~~~~~~~~
conftest.c:17:22: warning: argument 3 null where non-null expected [-Wnonnull]
   17 |                      pthread_create(0,0,0,0); pthread_cleanup_pop(0);
      |                      ^~~~~~~~~~~~~~
In file included from conftest.c:11:
/usr/include/pthread.h:202:12: note: in a call to function 'pthread_create' declared 'nonnull'
  202 | extern int pthread_create (pthread_t *__restrict __newthread,
      |            ^~~~~~~~~~~~~~
configure:6361: $? = 0
configure:6371: result: yes
configure:6390: checking for joinable pthread attribute
configure:6405: gcc -o conftest -O2 -DNDEBUG    conftest.c   >&5
configure:6405: $? = 0
configure:6412: result: PTHREAD_CREATE_JOINABLE
configure:6420: checking if more special flags are required for pthreads
configure:6427: result: no
configure:6521: checking whether to check for GCC pthread/shared inconsistencies
configure:6534: gcc -o conftest -shared -fPIC -Wl,-z,defs -O2 -DNDEBUG    conftest.c   >&5
configure:6534: $? = 0
configure:6547: result: yes
configure:6553: checking whether -pthread is sufficient with -shared
configure:6568: gcc -o conftest -shared -fPIC -Wl,-z,defs -O2 -DNDEBUG    conftest.c   >&5
conftest.c: In function 'main':
conftest.c:16:15: warning: argument 1 null where non-null expected [-Wnonnull]
   16 |               pthread_attr_init(0); pthread_cleanup_push(0, 0);
      |               ^~~~~~~~~~~~~~~~~
In file included from conftest.c:11:
/usr/include/pthread.h:285:12: note: in a call to function 'pthread_attr_init' declared 'nonnull'
  285 | extern int pthread_attr_init (pthread_attr_t *__attr) __THROW __nonnull ((1));
      |            ^~~~~~~~~~~~~~~~~
conftest.c:17:15: warning: argument 1 null where non-null expected [-Wnonnull]
   17 |               pthread_create(0,0,0,0); pthread_cleanup_pop(0);
      |               ^~~~~~~~~~~~~~
In file included from conftest.c:11:
/usr/include/pthread.h:202:12: note: in a call to function 'pthread_create' declared 'nonnull'
  202 | extern int pthread_create (pthread_t *__restrict __newthread,
      |            ^~~~~~~~~~~~~~
conftest.c:17:15: warning: argument 3 null where non-null expected [-Wnonnull]
   17 |               pthread_create(0,0,0,0); pthread_cleanup_pop(0);
      |               ^~~~~~~~~~~~~~
In file included from conftest.c:11:
/usr/include/pthread.h:202:12: note: in a call to function 'pthread_create' declared 'nonnull'
  202 | extern int pthread_create (pthread_t *__restrict __newthread,
      |            ^~~~~~~~~~~~~~
configure:6568: $? = 0
configure:6576: result: yes
configure:6686: checking whether pthread flag is sufficient with -nostdlib
configure:6701: gcc -o conftest -O2 -DNDEBUG    conftest.c -nostdlib   -lc >&5
conftest.c: In function 'main':
conftest.c:16:22: warning: argument 1 null where non-null expected [-Wnonnull]
   16 |                      pthread_attr_init(0); pthread_cleanup_push(0, 0);
      |                      ^~~~~~~~~~~~~~~~~
In file included from conftest.c:11:
/usr/include/pthread.h:285:12: note: in a call to function 'pthread_attr_init' declared 'nonnull'
  285 | extern int pthread_attr_init (pthread_attr_t *__attr) __THROW __nonnull ((1));
      |            ^~~~~~~~~~~~~~~~~
conftest.c:17:22: warning: argument 1 null where non-null expected [-Wnonnull]
   17 |                      pthread_create(0,0,0,0); pthread_cleanup_pop(0);
      |                      ^~~~~~~~~~~~~~
In file included from conftest.c:11:
/usr/include/pthread.h:202:12: note: in a call to function 'pthread_create' declared 'nonnull'
  202 | extern int pthread_create (pthread_t *__restrict __newthread,
      |            ^~~~~~~~~~~~~~
conftest.c:17:22: warning: argument 3 null where non-null expected [-Wnonnull]
   17 |                      pthread_create(0,0,0,0); pthread_cleanup_pop(0);
      |                      ^~~~~~~~~~~~~~
In file included from conftest.c:11:
/usr/include/pthread.h:202:12: note: in a call to function 'pthread_create' declared 'nonnull'
  202 | extern int pthread_create (pthread_t *__restrict __newthread,
      |            ^~~~~~~~~~~~~~
/usr/bin/ld: warning: cannot find entry symbol _start; defaulting to 00000000000010f0
configure:6701: $? = 0
configure:6703: result: yes
configure:6825: checking how to print strings
configure:6852: result: printf
configure:6873: checking for a sed that does not truncate output
configure:6943: result: /usr/bin/sed
configure:6961: checking for grep that handles long lines and -e
configure:7025: result: /usr/bin/grep
configure:7030: checking for egrep
configure:7098: result: /usr/bin/grep -E
configure:7103: checking for fgrep
configure:7171: result: /usr/bin/grep -F
configure:7207: checking for ld used by gcc
configure:7275: result: /usr/bin/ld
configure:7282: checking if the linker (/usr/bin/ld) is GNU ld
configure:7298: result: yes
configure:7310: checking for BSD- or MS-compatible name lister (nm)
configure:7365: result: /usr/bin/nm -B
configure:7505: checking the name lister (/usr/bin/nm -B) interface
configure:7513: g++ -c -O2 -DNDEBUG  conftest.cpp >&5
configure:7516: /usr/bin/nm -B "conftest.o"
configure:7519: output
0000000000000000 B some_variable
configure:7526: result: BSD nm
configure:7529: checking whether ln -s works
configure:7533: result: yes
configure:7541: checking the maximum length of command line arguments
configure:7673: result: 1572864
configure:7721: checking how to convert x86_64-pc-linux-gnu file names to x86_64-pc-linux-gnu format
configure:7762: result: func_convert_file_noop
configure:7769: checking how to convert x86_64-pc-linux-gnu file names to toolchain format
configure:7790: result: func_convert_file_noop
configure:7797: checking for /usr/bin/ld option to reload object files
configure:7805: result: -r
configure:7884: checking for file
configure:7905: found /usr/bin/file
configure:7916: result: file
configure:7992: checking for objdump
configure:8013: found /usr/bin/objdump
configure:8024: result: objdump
configure:8056: checking how to recognize dependent libraries
configure:8257: result: pass_all
configure:8347: checking for dlltool
configure:8382: result: no
configure:8412: checking how to associate runtime and link libraries
configure:8440: result: printf %s\n
configure:8505: checking for ar
configure:8526: found /usr/bin/ar
configure:8537: result: ar
configure:8590: checking for archiver @FILE support
configure:8608: g++ -c -O2 -DNDEBUG  conftest.cpp >&5
configure:8608: $? = 0
configure:8612: ar cr libconftest.a @conftest.lst >&5
configure:8615: $? = 0
configure:8620: ar cr libconftest.a @conftest.lst >&5
ar: conftest.o: No such file or directory
configure:8623: $? = 1
configure:8635: result: @
configure:8698: checking for strip
configure:8719: found /usr/bin/strip
configure:8730: result: strip
configure:8807: checking for ranlib
configure:8828: found /usr/bin/ranlib
configure:8839: result: ranlib
configure:8941: checking command to parse /usr/bin/nm -B output from gcc object
configure:9095: g++ -c -O2 -DNDEBUG  conftest.cpp >&5
configure:9098: $? = 0
configure:9102: /usr/bin/nm -B conftest.o | /usr/bin/sed -n -e 's/^.*[	 ]\([ABCDGIRSTW][ABCDGIRSTW]*\)[	 ][	 ]*\([_A-Za-z][_A-Za-z0-9]*\)$/\1 \2 \2/p' | /usr/bin/sed '/ __gnu_lto/d' > conftest.nm
configure:9168: g++ -o conftest -O2 -DNDEBUG   conftest.cpp conftstm.o >&5
configure:9171: $? = 0
configure:9209: result: ok
configure:9256: checking for sysroot
configure:9287: result: no
configure:9294: checking for a working dd
configure:9338: result: /usr/bin/dd
configure:9342: checking how to truncate binary pipes
configure:9358: result: /usr/bin/dd bs=4096 count=1
configure:9495: g++ -c -O2 -DNDEBUG  conftest.cpp >&5
configure:9498: $? = 0
configure:9695: checking for mt
configure:9716: found /usr/bin/mt
configure:9727: result: mt
configure:9750: checking if mt is a manifest tool
configure:9757: mt '-?'
configure:9765: result: no
configure:10490: checking for stdio.h
configure:10490: g++ -c -O2 -DNDEBUG  conftest.cpp >&5
configure:10490: $? = 0
configure:10490: result: yes
configure:10490: checking for stdlib.h
configure:10490: g++ -c -O2 -DNDEBUG  conftest.cpp >&5
configure:10490: $? = 0
configure:10490: result: yes
configure:10490: checking for string.h
configure:10490: g++ -c -O2 -DNDEBUG  conftest.cpp >&5
configure:10490: $? = 0
configure:10490: result: yes
configure:10490: checking for inttypes.h
configure:10490: g++ -c -O2 -DNDEBUG  conftest.cpp >&5
configure:10490: $? = 0
configure:10490: result: yes
configure:10490: checking for stdint.h
configure:10490: g++ -c -O2 -DNDEBUG  conftest.cpp >&5
configure:10490: $? = 0
configure:10490: result: yes
configure:10490: checking for strings.h
configure:10490: g++ -c -O2 -DNDEBUG  conftest.cpp >&5
configure:10490: $? = 0
configure:10490: result: yes
configure:10490: checking for sys/stat.h
configure:10490: g++ -c -O2 -DNDEBUG  conftest.cpp >&5
configure:10490: $? = 0
configure:10490: result: yes
configure:10490: checking for sys/types.h
configure:10490: g++ -c -O2 -DNDEBUG  conftest.cpp >&5
configure:10490: $? = 0
configure:10490: result: yes
configure:10490: checking for unistd.h
configure:10490: g++ -c -O2 -DNDEBUG  conftest.cpp >&5
configure:10490: $? = 0
configure:10490: result: yes
configure:10515: checking for dlfcn.h
configure:10515: g++ -c -O2 -DNDEBUG  conftest.cpp >&5
configure:10515: $? = 0
configure:10515: result: yes
configure:10784: checking for objdir
configure:10800: result: .libs
configure:11064: checking if gcc supports -fno-rtti -fno-exceptions
configure:11083: gcc -c -O2 -DNDEBUG  -fno-rtti -fno-exceptions conftest.c >&5
cc1: warning: command-line option '-fno-rtti' is valid for C++/D/ObjC++ but not for C
configure:11087: $? = 0
configure:11100: result: no
configure:11464: checking for gcc option to produce PIC
configure:11472: result: -fPIC -DPIC
configure:11480: checking if gcc PIC flag -fPIC -DPIC works
configure:11499: gcc -c -O2 -DNDEBUG  -fPIC -DPIC -DPIC conftest.c >&5
configure:11503: $? = 0
configure:11516: result: yes
configure:11545: checking if gcc static flag -static works
configure:11574: result: yes
configure:11589: checking if gcc supports -c -o file.o
configure:11611: gcc -c -O2 -DNDEBUG  -o out/conftest2.o conftest.c >&5
configure:11615: $? = 0
configure:11637: result: yes
configure:11645: checking if gcc supports -c -o file.o
configure:11693: result: yes
configure:11726: checking whether the gcc linker (/usr/bin/ld -m elf_x86_64) supports shared libraries
configure:13000: result: yes
configure:13037: checking whether -lc should be explicitly linked in
configure:13046: gcc -c -O2 -DNDEBUG  conftest.c >&5
configure:13049: $? = 0
configure:13064: gcc -shared  -fPIC -DPIC conftest.o  -v -Wl,-soname -Wl,conftest -o conftest 2\>\&1 \| /usr/bin/grep  -lc  \>/dev/null 2\>\&1
configure:13067: $? = 0
configure:13081: result: no
configure:13241: checking dynamic linker characteristics
configure:13823: gcc -o conftest -O2 -DNDEBUG   -Wl,-rpath -Wl,/foo conftest.c  >&5
configure:13823: $? = 0
configure:14074: result: GNU/Linux ld.so
configure:14196: checking how to hardcode library paths into programs
configure:14221: result: immediate
configure:14773: checking whether stripping libraries is possible
configure:14782: result: yes
configure:14824: checking if libtool supports shared libraries
configure:14826: result: yes
configure:14829: checking whether to build shared libraries
configure:14854: result: yes
configure:14857: checking whether to build static libraries
configure:14861: result: yes
configure:14884: checking how to run the C++ preprocessor
configure:14906: g++ -E  conftest.cpp
configure:14906: $? = 0
configure:14921: g++ -E  conftest.cpp
conftest.cpp:24:10: fatal error: ac_nonexistent.h: No such file or directory
   24 | #include <ac_nonexistent.h>
      |          ^~~~~~~~~~~~~~~~~~
compilation terminated.
configure:14921: $? = 1
configure: failed program was:
| /* confdefs.h */
| #define PACKAGE_NAME "Capn Proto"
| #define PACKAGE_TARNAME "capnproto-c++"
| #define PACKAGE_VERSION "1.0.1.1"
| #define PACKAGE_STRING "Capn Proto 1.0.1.1"
| #define PACKAGE_BUGREPORT "capnproto@googlegroups.com"
| #define PACKAGE_URL ""
| #define PACKAGE "capnproto-c++"
| #define VERSION "1.0.1.1"
| #define HAVE_PTHREAD 1
| #define HAVE_STDIO_H 1
| #define HAVE_STDLIB_H 1
| #define HAVE_STRING_H 1
| #define HAVE_INTTYPES_H 1
| #define HAVE_STDINT_H 1
| #define HAVE_STRINGS_H 1
| #define HAVE_SYS_STAT_H 1
| #define HAVE_SYS_TYPES_H 1
| #define HAVE_UNISTD_H 1
| #define STDC_HEADERS 1
| #define HAVE_DLFCN_H 1
| #define LT_OBJDIR ".libs/"
| /* end confdefs.h.  */
| #include <ac_nonexistent.h>
configure:14948: result: g++ -E
configure:14962: g++ -E  conftest.cpp
configure:14962: $? = 0
configure:14977: g++ -E  conftest.cpp
conftest.cpp:24:10: fatal error: ac_nonexistent.h: No such file or directory
   24 | #include <ac_nonexistent.h>
      |          ^~~~~~~~~~~~~~~~~~
compilation terminated.
configure:14977: $? = 1
configure: failed program was:
| /* confdefs.h */
| #define PACKAGE_NAME "Capn Proto"
| #define PACKAGE_TARNAME "capnproto-c++"
| #define PACKAGE_VERSION "1.0.1.1"
| #define PACKAGE_STRING "Capn Proto 1.0.1.1"
| #define PACKAGE_BUGREPORT "capnproto@googlegroups.com"
| #define PACKAGE_URL ""
| #define PACKAGE "capnproto-c++"
| #define VERSION "1.0.1.1"
| #define HAVE_PTHREAD 1
| #define HAVE_STDIO_H 1
| #define HAVE_STDLIB_H 1
| #define HAVE_STRING_H 1
| #define HAVE_INTTYPES_H 1
| #define HAVE_STDINT_H 1
| #define HAVE_STRINGS_H 1
| #define HAVE_SYS_STAT_H 1
| #define HAVE_SYS_TYPES_H 1
| #define HAVE_UNISTD_H 1
| #define STDC_HEADERS 1
| #define HAVE_DLFCN_H 1
| #define LT_OBJDIR ".libs/"
| /* end confdefs.h.  */
| #include <ac_nonexistent.h>
configure:15142: checking for ld used by g++
configure:15210: result: /usr/bin/ld -m elf_x86_64
configure:15217: checking if the linker (/usr/bin/ld -m elf_x86_64) is GNU ld
configure:15233: result: yes
configure:15288: checking whether the g++ linker (/usr/bin/ld -m elf_x86_64) supports shared libraries
configure:16366: result: yes
configure:16402: g++ -c -O2 -DNDEBUG  conftest.cpp >&5
configure:16405: $? = 0
configure:16886: checking for g++ option to produce PIC
configure:16894: result: -fPIC -DPIC
configure:16902: checking if g++ PIC flag -fPIC -DPIC works
configure:16921: g++ -c -O2 -DNDEBUG  -fPIC -DPIC -DPIC conftest.cpp >&5
configure:16925: $? = 0
configure:16938: result: yes
configure:16961: checking if g++ static flag -static works
configure:16990: result: yes
configure:17002: checking if g++ supports -c -o file.o
configure:17024: g++ -c -O2 -DNDEBUG  -o out/conftest2.o conftest.cpp >&5
configure:17028: $? = 0
configure:17050: result: yes
configure:17055: checking if g++ supports -c -o file.o
configure:17103: result: yes
configure:17133: checking whether the g++ linker (/usr/bin/ld -m elf_x86_64) supports shared libraries
configure:17176: result: yes
configure:17318: checking dynamic linker characteristics
configure:18078: result: GNU/Linux ld.so
configure:18143: checking how to hardcode library paths into programs
configure:18168: result: immediate
configure:18289: checking for library containing sched_yield
configure:18318: g++ -o conftest -O2 -DNDEBUG   conftest.cpp  >&5
configure:18318: $? = 0
configure:18338: result: none required
configure:18407: checking size of void *
configure:18413: g++ -o conftest -O2 -DNDEBUG    conftest.cpp   >&5
configure:18413: $? = 0
configure:18413: ./conftest
configure:18413: $? = 0
configure:18428: result: 8
configure:18443: checking for deflate in -lz
configure:18465: g++ -o conftest -O2 -DNDEBUG    conftest.cpp -lz    >&5
/usr/bin/ld: cannot find -lz: No such file or directory
collect2: error: ld returned 1 exit status
configure:18465: $? = 1
configure: failed program was:
| /* confdefs.h */
| #define PACKAGE_NAME "Capn Proto"
| #define PACKAGE_TARNAME "capnproto-c++"
| #define PACKAGE_VERSION "1.0.1.1"
| #define PACKAGE_STRING "Capn Proto 1.0.1.1"
| #define PACKAGE_BUGREPORT "capnproto@googlegroups.com"
| #define PACKAGE_URL ""
| #define PACKAGE "capnproto-c++"
| #define VERSION "1.0.1.1"
| #define HAVE_PTHREAD 1
| #define HAVE_STDIO_H 1
| #define HAVE_STDLIB_H 1
| #define HAVE_STRING_H 1
| #define HAVE_INTTYPES_H 1
| #define HAVE_STDINT_H 1
| #define HAVE_STRINGS_H 1
| #define HAVE_SYS_STAT_H 1
| #define HAVE_SYS_TYPES_H 1
| #define HAVE_UNISTD_H 1
| #define STDC_HEADERS 1
| #define HAVE_DLFCN_H 1
| #define LT_OBJDIR ".libs/"
| #define SIZEOF_VOID_P 8
| /* end confdefs.h.  */
| 
| namespace conftest {
|   extern "C" int deflate ();
| }
| int
| main (void)
| {
| return conftest::deflate ();
|   ;
|   return 0;
| }
configure:18475: result: no
configure:18486: checking for zlib.h
configure:18486: g++ -c -O2 -DNDEBUG   conftest.cpp >&5
conftest.cpp:53:10: fatal error: zlib.h: No such file or directory
   53 | #include <zlib.h>
      |          ^~~~~~~~
compilation terminated.
configure:18486: $? = 1
configure: failed program was:
| /* confdefs.h */
| #define PACKAGE_NAME "Capn Proto"
| #define PACKAGE_TARNAME "capnproto-c++"
| #define PACKAGE_VERSION "1.0.1.1"
| #define PACKAGE_STRING "Capn Proto 1.0.1.1"
| #define PACKAGE_BUGREPORT "capnproto@googlegroups.com"
| #define PACKAGE_URL ""
| #define PACKAGE "capnproto-c++"
| #define VERSION "1.0.1.1"
| #define HAVE_PTHREAD 1
| #define HAVE_STDIO_H 1
| #define HAVE_STDLIB_H 1
| #define HAVE_STRING_H 1
| #define HAVE_INTTYPES_H 1
| #define HAVE_STDINT_H 1
| #define HAVE_STRINGS_H 1
| #define HAVE_SYS_STAT_H 1
| #define HAVE_SYS_TYPES_H 1
| #define HAVE_UNISTD_H 1
| #define STDC_HEADERS 1
| #define HAVE_DLFCN_H 1
| #define LT_OBJDIR ".libs/"
| #define SIZEOF_VOID_P 8
| /* end confdefs.h.  */
| #include <stddef.h>
| #ifdef HAVE_STDIO_H
| # include <stdio.h>
| #endif
| #ifdef HAVE_STDLIB_H
| # include <stdlib.h>
| #endif
| #ifdef HAVE_STRING_H
| # include <string.h>
| #endif
| #ifdef HAVE_INTTYPES_H
| # include <inttypes.h>
| #endif
| #ifdef HAVE_STDINT_H
| # include <stdint.h>
| #endif
| #ifdef HAVE_STRINGS_H
| # include <strings.h>
| #endif
| #ifdef HAVE_SYS_TYPES_H
| # include <sys/types.h>
| #endif
| #ifdef HAVE_SYS_STAT_H
| # include <sys/stat.h>
| #endif
| #ifdef HAVE_UNISTD_H
| # include <unistd.h>
| #endif
| #include <zlib.h>
configure:18486: result: no
configure:18499: WARNING: "could not find zlib -- won't build libkj-gzip"
configure:18528: checking for CRYPTO_new_ex_data in -lcrypto
configure:18550: g++ -o conftest -O2 -DNDEBUG    conftest.cpp -lcrypto    >&5
/usr/bin/ld: cannot find -lcrypto: No such file or directory
collect2: error: ld returned 1 exit status
configure:18550: $? = 1
configure: failed program was:
| /* confdefs.h */
| #define PACKAGE_NAME "Capn Proto"
| #define PACKAGE_TARNAME "capnproto-c++"
| #define PACKAGE_VERSION "1.0.1.1"
| #define PACKAGE_STRING "Capn Proto 1.0.1.1"
| #define PACKAGE_BUGREPORT "capnproto@googlegroups.com"
| #define PACKAGE_URL ""
| #define PACKAGE "capnproto-c++"
| #define VERSION "1.0.1.1"
| #define HAVE_PTHREAD 1
| #define HAVE_STDIO_H 1
| #define HAVE_STDLIB_H 1
| #define HAVE_STRING_H 1
| #define HAVE_INTTYPES_H 1
| #define HAVE_STDINT_H 1
| #define HAVE_STRINGS_H 1
| #define HAVE_SYS_STAT_H 1
| #define HAVE_SYS_TYPES_H 1
| #define HAVE_UNISTD_H 1
| #define STDC_HEADERS 1
| #define HAVE_DLFCN_H 1
| #define LT_OBJDIR ".libs/"
| #define SIZEOF_VOID_P 8
| /* end confdefs.h.  */
| 
| namespace conftest {
|   extern "C" int CRYPTO_new_ex_data ();
| }
| int
| main (void)
| {
| return conftest::CRYPTO_new_ex_data ();
|   ;
|   return 0;
| }
configure:18560: result: no
configure:18571: checking for OPENSSL_init_ssl in -lssl
configure:18593: g++ -o conftest -O2 -DNDEBUG    conftest.cpp -lssl -lcrypto   >&5
/usr/bin/ld: cannot find -lssl: No such file or directory
/usr/bin/ld: cannot find -lcrypto: No such file or directory
collect2: error: ld returned 1 exit status
configure:18593: $? = 1
configure: failed program was:
| /* confdefs.h */
| #define PACKAGE_NAME "Capn Proto"
| #define PACKAGE_TARNAME "capnproto-c++"
| #define PACKAGE_VERSION "1.0.1.1"
| #define PACKAGE_STRING "Capn Proto 1.0.1.1"
| #define PACKAGE_BUGREPORT "capnproto@googlegroups.com"
| #define PACKAGE_URL ""
| #define PACKAGE "capnproto-c++"
| #define VERSION "1.0.1.1"
| #define HAVE_PTHREAD 1
| #define HAVE_STDIO_H 1
| #define HAVE_STDLIB_H 1
| #define HAVE_STRING_H 1
| #define HAVE_INTTYPES_H 1
| #define HAVE_STDINT_H 1
| #define HAVE_STRINGS_H 1
| #define HAVE_SYS_STAT_H 1
| #define HAVE_SYS_TYPES_H 1
| #define HAVE_UNISTD_H 1
| #define STDC_HEADERS 1
| #define HAVE_DLFCN_H 1
| #define LT_OBJDIR ".libs/"
| #define SIZEOF_VOID_P 8
| /* end confdefs.h.  */
| 
| namespace conftest {
|   extern "C" int OPENSSL_init_ssl ();
| }
| int
| main (void)
| {
| return conftest::OPENSSL_init_ssl ();
|   ;
|   return 0;
| }
configure:18603: result: no
configure:18614: checking for openssl/ssl.h
configure:18614: g++ -c -O2 -DNDEBUG   conftest.cpp >&5
conftest.cpp:53:10: fatal error: openssl/ssl.h: No such file or directory
   53 | #include <openssl/ssl.h>
      |          ^~~~~~~~~~~~~~~
compilation terminated.
configure:18614: $? = 1
configure: failed program was:
| /* confdefs.h */
| #define PACKAGE_NAME "Capn Proto"
| #define PACKAGE_TARNAME "capnproto-c++"
| #define PACKAGE_VERSION "1.0.1.1"
| #define PACKAGE_STRING "Capn Proto 1.0.1.1"
| #define PACKAGE_BUGREPORT "capnproto@googlegroups.com"
| #define PACKAGE_URL ""
| #define PACKAGE "capnproto-c++"
| #define VERSION "1.0.1.1"
| #define HAVE_PTHREAD 1
| #define HAVE_STDIO_H 1
| #define HAVE_STDLIB_H 1
| #define HAVE_STRING_H 1
| #define HAVE_INTTYPES_H 1
| #define HAVE_STDINT_H 1
| #define HAVE_STRINGS_H 1
| #define HAVE_SYS_STAT_H 1
| #define HAVE_SYS_TYPES_H 1
| #define HAVE_UNISTD_H 1
| #define STDC_HEADERS 1
| #define HAVE_DLFCN_H 1
| #define LT_OBJDIR ".libs/"
| #define SIZEOF_VOID_P 8
| /* end confdefs.h.  */
| #include <stddef.h>
| #ifdef HAVE_STDIO_H
| # include <stdio.h>
| #endif
| #ifdef HAVE_STDLIB_H
| # include <stdlib.h>
| #endif
| #ifdef HAVE_STRING_H
| # include <string.h>
| #endif
| #ifdef HAVE_INTTYPES_H
| # include <inttypes.h>
| #endif
| #ifdef HAVE_STDINT_H
| # include <stdint.h>
| #endif
| #ifdef HAVE_STRINGS_H
| # include <strings.h>
| #endif
| #ifdef HAVE_SYS_TYPES_H
| # include <sys/types.h>
| #endif
| #ifdef HAVE_SYS_STAT_H
| # include <sys/stat.h>
| #endif
| #ifdef HAVE_UNISTD_H
| # include <unistd.h>
| #endif
| #include <openssl/ssl.h>
configure:18614: result: no
configure:18627: WARNING: "could not find OpenSSL -- won't build libkj-tls"
configure:18656: checking if exceptions are enabled
configure:18662: g++ -c -O2 -DNDEBUG   conftest.cpp >&5
configure:18662: $? = 0
configure:18665: result: yes
configure:18703: checking for library containing makecontext
configure:18732: g++ -o conftest -O2 -DNDEBUG    conftest.cpp   >&5
configure:18732: $? = 0
configure:18752: result: none required
configure:18980: checking that generated files are newer than configure
configure:18986: result: done
configure:19033: creating ./config.status

## ---------------------- ##
## Running config.status. ##
## ---------------------- ##

This file was extended by Capn Proto config.status 1.0.1.1, which was
generated by GNU Autoconf 2.71.  Invocation command line was

  CONFIG_FILES    = 
  CONFIG_HEADERS  = 
  CONFIG_LINKS    = 
  CONFIG_COMMANDS = 
  $ ./config.status 

on DESKTOP-KDKPQBS

config.status:1189: creating Makefile
config.status:1189: creating pkgconfig/capnp.pc
config.status:1189: creating pkgconfig/capnpc.pc
config.status:1189: creating pkgconfig/capnp-rpc.pc
config.status:1189: creating pkgconfig/capnp-json.pc
config.status:1189: creating pkgconfig/capnp-websocket.pc
config.status:1189: creating pkgconfig/kj.pc
config.status:1189: creating pkgconfig/kj-async.pc
config.status:1189: creating pkgconfig/kj-http.pc
config.status:1189: creating pkgconfig/kj-gzip.pc
config.status:1189: creating pkgconfig/kj-tls.pc
config.status:1189: creating pkgconfig/kj-test.pc
config.status:1189: creating cmake/CapnProtoConfig.cmake
config.status:1189: creating cmake/CapnProtoConfigVersion.cmake
config.status:1189: creating config.h
config.status:1370: config.h is unchanged
config.status:1418: executing depfiles commands
config.status:1495: cd .       && sed -e '/# am--include-marker/d' Makefile         | gmake -f - am--depfiles
config.status:1500: $? = 0
config.status:1418: executing libtool commands

## ---------------- ##
## Cache variables. ##
## ---------------- ##

ac_cv_build=x86_64-pc-linux-gnu
ac_cv_c_compiler_gnu=yes
ac_cv_cxx_compiler_gnu=yes
ac_cv_env_CCC_set=
ac_cv_env_CCC_value=
ac_cv_env_CC_set=
ac_cv_env_CC_value=
ac_cv_env_CFLAGS_set=
ac_cv_env_CFLAGS_value=
ac_cv_env_CPPFLAGS_set=
ac_cv_env_CPPFLAGS_value=
ac_cv_env_CXXCPP_set=
ac_cv_env_CXXCPP_value=
ac_cv_env_CXXFLAGS_set=
ac_cv_env_CXXFLAGS_value=
ac_cv_env_CXX_set=
ac_cv_env_CXX_value=
ac_cv_env_LDFLAGS_set=
ac_cv_env_LDFLAGS_value=
ac_cv_env_LIBS_set=
ac_cv_env_LIBS_value=
ac_cv_env_LT_SYS_LIBRARY_PATH_set=
ac_cv_env_LT_SYS_LIBRARY_PATH_value=
ac_cv_env_build_alias_set=
ac_cv_env_build_alias_value=
ac_cv_env_host_alias_set=
ac_cv_env_host_alias_value=
ac_cv_env_target_alias_set=
ac_cv_env_target_alias_value=
ac_cv_header_dlfcn_h=yes
ac_cv_header_inttypes_h=yes
ac_cv_header_openssl_ssl_h=no
ac_cv_header_stdint_h=yes
ac_cv_header_stdio_h=yes
ac_cv_header_stdlib_h=yes
ac_cv_header_string_h=yes
ac_cv_header_strings_h=yes
ac_cv_header_sys_stat_h=yes
ac_cv_header_sys_types_h=yes
ac_cv_header_unistd_h=yes
ac_cv_header_zlib_h=no
ac_cv_host=x86_64-pc-linux-gnu
ac_cv_lib_crypto_CRYPTO_new_ex_data=no
ac_cv_lib_ssl_OPENSSL_init_ssl=no
ac_cv_lib_z_deflate=no
ac_cv_objext=o
ac_cv_path_EGREP='/usr/bin/grep -E'
ac_cv_path_FGREP='/usr/bin/grep -F'
ac_cv_path_GREP=/usr/bin/grep
ac_cv_path_SED=/usr/bin/sed
ac_cv_path_install='/usr/bin/install -c'
ac_cv_path_lt_DD=/usr/bin/dd
ac_cv_path_mkdir=/usr/bin/mkdir
ac_cv_prog_AWK=gawk
ac_cv_prog_CXXCPP='g++ -E'
ac_cv_prog_ac_ct_AR=ar
ac_cv_prog_ac_ct_CC=gcc
ac_cv_prog_ac_ct_CXX=g++
ac_cv_prog_ac_ct_FILECMD=file
ac_cv_prog_ac_ct_MANIFEST_TOOL=mt
ac_cv_prog_ac_ct_OBJDUMP=objdump
ac_cv_prog_ac_ct_RANLIB=ranlib
ac_cv_prog_ac_ct_STRIP=strip
ac_cv_prog_cc_c11=
ac_cv_prog_cc_g=yes
ac_cv_prog_cc_stdc=
ac_cv_prog_cxx_cxx11=
ac_cv_prog_cxx_g=yes
ac_cv_prog_cxx_stdcxx=
ac_cv_prog_make_gmake_set=yes
ac_cv_search_makecontext='none required'
ac_cv_search_sched_yield='none required'
ac_cv_sizeof_void_p=8
am_cv_CC_dependencies_compiler_type=gcc3
am_cv_CXX_dependencies_compiler_type=gcc3
am_cv_make_support_nested_variables=yes
am_cv_prog_cc_c_o=yes
am_cv_prog_tar_ustar=gnutar
ax_cv_cxx_compile_cxx11_lib=yes
ax_cv_cxx_compile_cxx14=yes
lt_cv_ar_at_file=@
lt_cv_archive_cmds_need_lc=no
lt_cv_deplibs_check_method=pass_all
lt_cv_file_magic_cmd='$MAGIC_CMD'
lt_cv_file_magic_test_file=
lt_cv_ld_reload_flag=-r
lt_cv_nm_interface='BSD nm'
lt_cv_objdir=.libs
lt_cv_path_LD=/usr/bin/ld
lt_cv_path_LDCXX='/usr/bin/ld -m elf_x86_64'
lt_cv_path_NM='/usr/bin/nm -B'
lt_cv_path_mainfest_tool=no
lt_cv_prog_compiler_c_o=yes
lt_cv_prog_compiler_c_o_CXX=yes
lt_cv_prog_compiler_pic='-fPIC -DPIC'
lt_cv_prog_compiler_pic_CXX='-fPIC -DPIC'
lt_cv_prog_compiler_pic_works=yes
lt_cv_prog_compiler_pic_works_CXX=yes
lt_cv_prog_compiler_rtti_exceptions=no
lt_cv_prog_compiler_static_works=yes
lt_cv_prog_compiler_static_works_CXX=yes
lt_cv_prog_gnu_ld=yes
lt_cv_prog_gnu_ldcxx=yes
lt_cv_sharedlib_from_linklib_cmd='printf %s\n'
lt_cv_shlibpath_overrides_runpath=yes
lt_cv_sys_global_symbol_pipe='/usr/bin/sed -n -e '\''s/^.*[	 ]\([ABCDGIRSTW][ABCDGIRSTW]*\)[	 ][	 ]*\([_A-Za-z][_A-Za-z0-9]*\)$/\1 \2 \2/p'\'' | /usr/bin/sed '\''/ __gnu_lto/d'\'''
lt_cv_sys_global_symbol_to_c_name_address='/usr/bin/sed -n -e '\''s/^: \(.*\) .*$/  {"\1", (void *) 0},/p'\'' -e '\''s/^[ABCDGIRSTW][ABCDGIRSTW]* .* \(.*\)$/  {"\1", (void *) \&\1},/p'\'''
lt_cv_sys_global_symbol_to_c_name_address_lib_prefix='/usr/bin/sed -n -e '\''s/^: \(.*\) .*$/  {"\1", (void *) 0},/p'\'' -e '\''s/^[ABCDGIRSTW][ABCDGIRSTW]* .* \(lib.*\)$/  {"\1", (void *) \&\1},/p'\'' -e '\''s/^[ABCDGIRSTW][ABCDGIRSTW]* .* \(.*\)$/  {"lib\1", (void *) \&\1},/p'\'''
lt_cv_sys_global_symbol_to_cdecl='/usr/bin/sed -n -e '\''s/^T .* \(.*\)$/extern int \1();/p'\'' -e '\''s/^[ABCDGIRSTW][ABCDGIRSTW]* .* \(.*\)$/extern char \1;/p'\'''
lt_cv_sys_global_symbol_to_import=
lt_cv_sys_max_cmd_len=1572864
lt_cv_to_host_file_cmd=func_convert_file_noop
lt_cv_to_tool_file_cmd=func_convert_file_noop
lt_cv_truncate_bin='/usr/bin/dd bs=4096 count=1'

## ----------------- ##
## Output variables. ##
## ----------------- ##

ACLOCAL='${SHELL} '\''/home/chenling/sequence-form-py/capnproto-c++-1.0.1.1/build-aux/missing'\'' aclocal-1.16'
AMDEPBACKSLASH='\'
AMDEP_FALSE='#'
AMDEP_TRUE=''
AMTAR='$${TAR-tar}'
AM_BACKSLASH='\'
AM_DEFAULT_V='$(AM_DEFAULT_VERBOSITY)'
AM_DEFAULT_VERBOSITY='1'
AM_V='$(V)'
AR='ar'
ASYNC_LIBS=''
AUTOCONF='${SHELL} '\''/home/chenling/sequence-form-py/capnproto-c++-1.0.1.1/build-aux/missing'\'' autoconf'
AUTOHEADER='${SHELL} '\''/home/chenling/sequence-form-py/capnproto-c++-1.0.1.1/build-aux/missing'\'' autoheader'
AUTOMAKE='${SHELL} '\''/home/chenling/sequence-form-py/capnproto-c++-1.0.1.1/build-aux/missing'\'' automake-1.16'
AWK='gawk'
BUILD_KJ_GZIP_FALSE=''
BUILD_KJ_GZIP_TRUE='#'
BUILD_KJ_TLS_FALSE=''
BUILD_KJ_TLS_TRUE='#'
CAPNP=''
CAPNPC_CXX=''
CAPNP_CMAKE_CONFIG_FILES='   cmake/CapnProtoConfig.cmake   cmake/CapnProtoConfigVersion.cmake '
CAPNP_LITE_FLAG=''
CAPNP_PKG_CONFIG_FILES='   pkgconfig/capnp.pc   pkgconfig/capnpc.pc   pkgconfig/capnp-rpc.pc   pkgconfig/capnp-json.pc   pkgconfig/capnp-websocket.pc   pkgconfig/kj.pc   pkgconfig/kj-async.pc   pkgconfig/kj-http.pc   pkgconfig/kj-gzip.pc   pkgconfig/kj-tls.pc   pkgconfig/kj-test.pc '
CC='gcc'
CCDEPMODE='depmode=gcc3'
CFLAGS='-O2 -DNDEBUG'
CMAKE_SIZEOF_VOID_P='8'
CPPFLAGS=''
CSCOPE='cscope'
CTAGS='ctags'
CXX='g++'
CXXCPP='g++ -E'
CXXDEPMODE='depmode=gcc3'
CXXFLAGS='-O2 -DNDEBUG  -DKJ_USE_FIBERS'
CYGPATH_W='echo'
DEFS='-DHAVE_CONFIG_H'
DEPDIR='.deps'
DLLTOOL='false'
DSYMUTIL=''
DUMPBIN=''
ECHO_C=''
ECHO_N='-n'
ECHO_T=''
EGREP='/usr/bin/grep -E'
ETAGS='etags'
EXEEXT=''
FGREP='/usr/bin/grep -F'
FILECMD='file'
GREP='/usr/bin/grep'
HAS_FUZZING_ENGINE_FALSE=''
HAS_FUZZING_ENGINE_TRUE='#'
INSTALL_DATA='${INSTALL} -m 644'
INSTALL_PROGRAM='${INSTALL}'
INSTALL_SCRIPT='${INSTALL}'
INSTALL_STRIP_PROGRAM='$(install_sh) -c -s'
LD='/usr/bin/ld -m elf_x86_64'
LDFLAGS=''
LIBOBJS=''
LIBS=' '
LIBTOOL='$(SHELL) $(top_builddir)/libtool'
LIPO=''
LITE_MODE_FALSE=''
LITE_MODE_TRUE='#'
LN_S='ln -s'
LTLIBOBJS=''
LT_SYS_LIBRARY_PATH=''
MAKEINFO='${SHELL} '\''/home/chenling/sequence-form-py/capnproto-c++-1.0.1.1/build-aux/missing'\'' makeinfo'
MANIFEST_TOOL=':'
MKDIR_P='/usr/bin/mkdir -p'
NM='/usr/bin/nm -B'
NMEDIT=''
OBJDUMP='objdump'
OBJEXT='o'
OTOOL64=''
OTOOL=''
PACKAGE='capnproto-c++'
PACKAGE_BUGREPORT='capnproto@googlegroups.com'
PACKAGE_CMAKE_INSTALL_FULL_INCLUDEDIR='${CMAKE_CURRENT_LIST_DIR}/../../../include'
PACKAGE_INIT='set(CAPNP_PKG_CONFIG_FILES    pkgconfig/capnp.pc   pkgconfig/capnpc.pc   pkgconfig/capnp-rpc.pc   pkgconfig/capnp-json.pc   pkgconfig/capnp-websocket.pc   pkgconfig/kj.pc   pkgconfig/kj-async.pc   pkgconfig/kj-http.pc   pkgconfig/kj-gzip.pc   pkgconfig/kj-tls.pc   pkgconfig/kj-test.pc )'
PACKAGE_NAME='Capn Proto'
PACKAGE_STRING='Capn Proto 1.0.1.1'
PACKAGE_TARNAME='capnproto-c++'
PACKAGE_URL=''
PACKAGE_VERSION='1.0.1.1'
PATH_SEPARATOR=':'
PTHREAD_CC='gcc'
PTHREAD_CFLAGS=''
PTHREAD_LIBS=''
RANLIB='ranlib'
SED='/usr/bin/sed'
SET_MAKE=''
SHELL='/bin/bash'
SO_VERSION='1.0.1.1'
STDLIB_FLAG=''
STRIP='strip'
USE_EXTERNAL_CAPNP_FALSE=''
USE_EXTERNAL_CAPNP_TRUE='#'
VERSION='1.0.1.1'
WITH_OPENSSL='NO'
_WITH_LIBUCONTEXT='NO'
ac_ct_AR='ar'
ac_ct_CC='gcc'
ac_ct_CXX='g++'
ac_ct_DUMPBIN=''
acx_pthread_config=''
am__EXEEXT_FALSE=''
am__EXEEXT_TRUE='#'
am__fastdepCC_FALSE='#'
am__fastdepCC_TRUE=''
am__fastdepCXX_FALSE='#'
am__fastdepCXX_TRUE=''
am__include='include'
am__isrc=''
am__leading_dot='.'
am__nodep='_no'
am__quote=''
am__tar='tar --format=ustar -chf - "$$tardir"'
am__untar='tar -xf -'
bindir='${exec_prefix}/bin'
build='x86_64-pc-linux-gnu'
build_alias=''
build_cpu='x86_64'
build_os='linux-gnu'
build_vendor='pc'
datadir='${datarootdir}'
datarootdir='${prefix}/share'
docdir='${datarootdir}/doc/${PACKAGE_TARNAME}'
dvidir='${docdir}'
exec_prefix='${prefix}'
host='x86_64-pc-linux-gnu'
host_alias=''
host_cpu='x86_64'
host_os='linux-gnu'
host_vendor='pc'
htmldir='${docdir}'
includedir='${prefix}/include'
infodir='${datarootdir}/info'
install_sh='${SHELL} /home/chenling/sequence-form-py/capnproto-c++-1.0.1.1/build-aux/install-sh'
libdir='${exec_prefix}/lib'
libexecdir='${exec_prefix}/libexec'
localedir='${datarootdir}/locale'
localstatedir='${prefix}/var'
mandir='${datarootdir}/man'
mkdir_p='$(MKDIR_P)'
oldincludedir='/usr/include'
pdfdir='${docdir}'
prefix='/usr/local'
program_transform_name='s,x,x,'
psdir='${docdir}'
runstatedir='${localstatedir}/run'
sbindir='${exec_prefix}/sbin'
sharedstatedir='${prefix}/com'
sysconfdir='${prefix}/etc'
target_alias=''

## ----------- ##
## confdefs.h. ##
## ----------- ##

/* confdefs.h */
#define PACKAGE_NAME "Capn Proto"
#define PACKAGE_TARNAME "capnproto-c++"
#define PACKAGE_VERSION "1.0.1.1"
#define PACKAGE_STRING "Capn Proto 1.0.1.1"
#define PACKAGE_BUGREPORT "capnproto@googlegroups.com"
#define PACKAGE_URL ""
#define PACKAGE "capnproto-c++"
#define VERSION "1.0.1.1"
#define HAVE_PTHREAD 1
#define HAVE_STDIO_H 1
#define HAVE_STDLIB_H 1
#define HAVE_STRING_H 1
#define HAVE_INTTYPES_H 1
#define HAVE_STDINT_H 1
#define HAVE_STRINGS_H 1
#define HAVE_SYS_STAT_H 1
#define HAVE_SYS_TYPES_H 1
#define HAVE_UNISTD_H 1
#define STDC_HEADERS 1
#define HAVE_DLFCN_H 1
#define LT_OBJDIR ".libs/"
#define SIZEOF_VOID_P 8

configure: exit 0
